[22:10:28.894] [INFO] storybook v10.2.8
[22:10:31.028] [DEBUG] Getting package.json info for /private/tmp/storybook-repro/packages/storybook/package.json...
[22:10:31.030] [WARN] You are currently using Storybook 10.2.8 but you have packages which are incompatible with it:

- @chromatic-com/storybook@3.2.7 which depends on ^8.2.0 || ^8.3.0-0 || ^8.4.0-0 || ^8.5.0-0 || ^8.6.0-0

Please consider updating your packages or contacting the maintainers for compatibility details.

For more details on compatibility guidance, see:
https://github.com/storybookjs/storybook/issues/32836
[22:10:34.662] [INFO] Starting...
[22:10:34.670] [WARN] No story files found for the specified pattern: src/**/*.mdx
[22:10:34.767] [ERROR] [38;2;241;97;97mError: Build failed with 5 errors:
../../node_modules/@chromatic-com/storybook/dist/manager.mjs:1:128: ERROR: Could not resolve "@storybook/manager-api"
../../node_modules/@chromatic-com/storybook/dist/manager.mjs:2:32: ERROR: Could not resolve "@storybook/types"
../../node_modules/@chromatic-com/storybook/dist/manager.mjs:5:56: ERROR: Could not resolve "@storybook/theming"
../../node_modules/@chromatic-com/storybook/dist/manager.mjs:6:20: ERROR: Could not resolve "@storybook/core-events"
../../node_modules/@chromatic-com/storybook/dist/manager.mjs:7:121: ERROR: Could not resolve "@storybook/components"[39m
    at failureErrorWithLog (/private/tmp/storybook-repro/node_modules/esbuild/lib/main.js:1467:15)
    at /private/tmp/storybook-repro/node_modules/esbuild/lib/main.js:926:25
    at runOnEndCallbacks (/private/tmp/storybook-repro/node_modules/esbuild/lib/main.js:1307:45)
    at buildResponseToResult (/private/tmp/storybook-repro/node_modules/esbuild/lib/main.js:924:7)
    at /private/tmp/storybook-repro/node_modules/esbuild/lib/main.js:951:16
    at responseCallbacks.<computed> (/private/tmp/storybook-repro/node_modules/esbuild/lib/main.js:603:9)
    at handleIncomingPacket (/private/tmp/storybook-repro/node_modules/esbuild/lib/main.js:658:12)
    at Socket.readFromStdout (/private/tmp/storybook-repro/node_modules/esbuild/lib/main.js:581:7)
    at Socket.emit (node:events:519:28)
    at addChunk (node:internal/streams/readable:561:12)
[22:10:34.772] [WARN] Broken build, fix the error above.
You may need to refresh the browser.
[22:10:34.776] [INFO] Storybook collects completely anonymous usage telemetry. We use it to shape Storybook's roadmap and prioritize features. You can learn more, including how to opt out, at https://storybook.js.org/telemetry